Determining if the pthread_create exist failed with the following output:
Change Dir: /home/ijoh82/ECE599/Hw01/Prob04/joh_ws/build/CMakeFiles/CMakeTmp

Run Build Command:"/usr/bin/make" "cmTC_42785/fast"
/usr/bin/make -f CMakeFiles/cmTC_42785.dir/build.make CMakeFiles/cmTC_42785.dir/build
make[1]: Entering directory '/home/ijoh82/ECE599/Hw01/Prob04/joh_ws/build/CMakeFiles/CMakeTmp'
Building C object CMakeFiles/cmTC_42785.dir/CheckSymbolExists.c.o
/usr/bin/cc    -o CMakeFiles/cmTC_42785.dir/CheckSymbolExists.c.o   -c /home/ijoh82/ECE599/Hw01/Prob04/joh_ws/build/CMakeFiles/CMakeTmp/CheckSymbolExists.c
Linking C executable cmTC_42785
/usr/bin/cmake -E cmake_link_script CMakeFiles/cmTC_42785.dir/link.txt --verbose=1
/usr/bin/cc      -rdynamic CMakeFiles/cmTC_42785.dir/CheckSymbolExists.c.o  -o cmTC_42785 
CMakeFiles/cmTC_42785.dir/CheckSymbolExists.c.o: In function `main':
CheckSymbolExists.c:(.text+0x1b): undefined reference to `pthread_create'
collect2: error: ld returned 1 exit status
CMakeFiles/cmTC_42785.dir/build.make:97: recipe for target 'cmTC_42785' failed
make[1]: *** [cmTC_42785] Error 1
make[1]: Leaving directory '/home/ijoh82/ECE599/Hw01/Prob04/joh_ws/build/CMakeFiles/CMakeTmp'
Makefile:126: recipe for target 'cmTC_42785/fast' failed
make: *** [cmTC_42785/fast] Error 2

File /home/ijoh82/ECE599/Hw01/Prob04/joh_ws/build/CMakeFiles/CMakeTmp/CheckSymbolExists.c:
/* */
#include <pthread.h>

int main(int argc, char** argv)
{
  (void)argv;
#ifndef pthread_create
  return ((int*)(&pthread_create))[argc];
#else
  (void)argc;
  return 0;
#endif
}

Determining if the function pthread_create exists in the pthreads failed with the following output:
Change Dir: /home/ijoh82/ECE599/Hw01/Prob04/joh_ws/build/CMakeFiles/CMakeTmp

Run Build Command:"/usr/bin/make" "cmTC_62b05/fast"
/usr/bin/make -f CMakeFiles/cmTC_62b05.dir/build.make CMakeFiles/cmTC_62b05.dir/build
make[1]: Entering directory '/home/ijoh82/ECE599/Hw01/Prob04/joh_ws/build/CMakeFiles/CMakeTmp'
Building C object CMakeFiles/cmTC_62b05.dir/CheckFunctionExists.c.o
/usr/bin/cc   -DCHECK_FUNCTION_EXISTS=pthread_create   -o CMakeFiles/cmTC_62b05.dir/CheckFunctionExists.c.o   -c /usr/share/cmake-3.10/Modules/CheckFunctionExists.c
Linking C executable cmTC_62b05
/usr/bin/cmake -E cmake_link_script CMakeFiles/cmTC_62b05.dir/link.txt --verbose=1
/usr/bin/cc  -DCHECK_FUNCTION_EXISTS=pthread_create    -rdynamic CMakeFiles/cmTC_62b05.dir/CheckFunctionExists.c.o  -o cmTC_62b05 -lpthreads 
/usr/bin/ld: cannot find -lpthreads
collect2: error: ld returned 1 exit status
CMakeFiles/cmTC_62b05.dir/build.make:97: recipe for target 'cmTC_62b05' failed
make[1]: *** [cmTC_62b05] Error 1
make[1]: Leaving directory '/home/ijoh82/ECE599/Hw01/Prob04/joh_ws/build/CMakeFiles/CMakeTmp'
Makefile:126: recipe for target 'cmTC_62b05/fast' failed
make: *** [cmTC_62b05/fast] Error 2


